14:09:10 **** Incremental Build of configuration Debug for project CM3drone ****
make all 
'Building file: ../Src/AHRS.c'
'Invoking: MCU GCC Compiler'
C:\Users\DTUser\Documents\GitHub\ESPCM3drone\Programacion\WorkSpace\CM3drone\Debug
arm-none-eabi-gcc -mcpu=cortex-m3 -mthumb -mfloat-abi=soft -D__weak="__attribute__((weak))" -D__packed="__attribute__((__packed__))" -DUSE_HAL_DRIVER -DSTM32F103xB -DARM_MATH_CM3 -I"C:/Users/DTUser/Documents/GitHub/ESPCM3drone/Programacion/WorkSpace/CM3drone/Inc" -I"C:/Users/DTUser/Documents/GitHub/ESPCM3drone/Programacion/WorkSpace/CM3drone/Drivers/CMSIS/Include" -I"C:/Users/DTUser/Documents/GitHub/ESPCM3drone/Programacion/WorkSpace/CM3drone/Drivers/STM32F1xx_HAL_Driver/Inc" -I"C:/Users/DTUser/Documents/GitHub/ESPCM3drone/Programacion/WorkSpace/CM3drone/Drivers/STM32F1xx_HAL_Driver/Inc/Legacy" -I"C:/Users/DTUser/Documents/GitHub/ESPCM3drone/Programacion/WorkSpace/CM3drone/Middlewares/Third_Party/FreeRTOS/Source/portable/GCC/ARM_CM3" -I"C:/Users/DTUser/Documents/GitHub/ESPCM3drone/Programacion/WorkSpace/CM3drone/Middlewares/ST/STM32_USB_Device_Library/Core/Inc" -I"C:/Users/DTUser/Documents/GitHub/ESPCM3drone/Programacion/WorkSpace/CM3drone/Middlewares/ST/STM32_USB_Device_Library/Class/DFU/Inc" -I"C:/Users/DTUser/Documents/GitHub/ESPCM3drone/Programacion/WorkSpace/CM3drone/Middlewares/Third_Party/FreeRTOS/Source/include" -I"C:/Users/DTUser/Documents/GitHub/ESPCM3drone/Programacion/WorkSpace/CM3drone/Middlewares/Third_Party/FreeRTOS/Source/CMSIS_RTOS" -I"C:/Users/DTUser/Documents/GitHub/ESPCM3drone/Programacion/WorkSpace/CM3drone/Drivers/CMSIS/Include" -I"C:/Users/DTUser/Documents/GitHub/ESPCM3drone/Programacion/WorkSpace/CM3drone/Src" -I"C:/Users/DTUser/Documents/GitHub/ESPCM3drone/Programacion/WorkSpace/CM3drone/Src/DSP" -I"C:/Users/DTUser/Documents/GitHub/ESPCM3drone/Programacion/WorkSpace/CM3drone/Drivers/CMSIS/Device/ST/STM32F1xx/Include" -I"C:/Users/DTUser/Documents/GitHub/ESPCM3drone/Programacion/WorkSpace/CM3drone/Inc"  -Os -g3 -Wall -fmessage-length=0 -ffunction-sections -c -fmessage-length=0 -MMD -MP -MF"Src/AHRS.d" -MT"Src/AHRS.o" -o "Src/AHRS.o" "../Src/AHRS.c"
'Finished building: ../Src/AHRS.c'
' '
'Building file: ../Src/ServidoresVariables.c'
'Invoking: MCU GCC Compiler'
C:\Users\DTUser\Documents\GitHub\ESPCM3drone\Programacion\WorkSpace\CM3drone\Debug
arm-none-eabi-gcc -mcpu=cortex-m3 -mthumb -mfloat-abi=soft -D__weak="__attribute__((weak))" -D__packed="__attribute__((__packed__))" -DUSE_HAL_DRIVER -DSTM32F103xB -DARM_MATH_CM3 -I"C:/Users/DTUser/Documents/GitHub/ESPCM3drone/Programacion/WorkSpace/CM3drone/Inc" -I"C:/Users/DTUser/Documents/GitHub/ESPCM3drone/Programacion/WorkSpace/CM3drone/Drivers/CMSIS/Include" -I"C:/Users/DTUser/Documents/GitHub/ESPCM3drone/Programacion/WorkSpace/CM3drone/Drivers/STM32F1xx_HAL_Driver/Inc" -I"C:/Users/DTUser/Documents/GitHub/ESPCM3drone/Programacion/WorkSpace/CM3drone/Drivers/STM32F1xx_HAL_Driver/Inc/Legacy" -I"C:/Users/DTUser/Documents/GitHub/ESPCM3drone/Programacion/WorkSpace/CM3drone/Middlewares/Third_Party/FreeRTOS/Source/portable/GCC/ARM_CM3" -I"C:/Users/DTUser/Documents/GitHub/ESPCM3drone/Programacion/WorkSpace/CM3drone/Middlewares/ST/STM32_USB_Device_Library/Core/Inc" -I"C:/Users/DTUser/Documents/GitHub/ESPCM3drone/Programacion/WorkSpace/CM3drone/Middlewares/ST/STM32_USB_Device_Library/Class/DFU/Inc" -I"C:/Users/DTUser/Documents/GitHub/ESPCM3drone/Programacion/WorkSpace/CM3drone/Middlewares/Third_Party/FreeRTOS/Source/include" -I"C:/Users/DTUser/Documents/GitHub/ESPCM3drone/Programacion/WorkSpace/CM3drone/Middlewares/Third_Party/FreeRTOS/Source/CMSIS_RTOS" -I"C:/Users/DTUser/Documents/GitHub/ESPCM3drone/Programacion/WorkSpace/CM3drone/Drivers/CMSIS/Include" -I"C:/Users/DTUser/Documents/GitHub/ESPCM3drone/Programacion/WorkSpace/CM3drone/Src" -I"C:/Users/DTUser/Documents/GitHub/ESPCM3drone/Programacion/WorkSpace/CM3drone/Src/DSP" -I"C:/Users/DTUser/Documents/GitHub/ESPCM3drone/Programacion/WorkSpace/CM3drone/Drivers/CMSIS/Device/ST/STM32F1xx/Include" -I"C:/Users/DTUser/Documents/GitHub/ESPCM3drone/Programacion/WorkSpace/CM3drone/Inc"  -Os -g3 -Wall -fmessage-length=0 -ffunction-sections -c -fmessage-length=0 -MMD -MP -MF"Src/ServidoresVariables.d" -MT"Src/ServidoresVariables.o" -o "Src/ServidoresVariables.o" "../Src/ServidoresVariables.c"
'Finished building: ../Src/ServidoresVariables.c'
' '
'Building target: CM3drone.elf'
'Invoking: MCU GCC Linker'
arm-none-eabi-gcc -mcpu=cortex-m3 -mthumb -mfloat-abi=soft -specs=nosys.specs -specs=nano.specs -T"../STM32F103C8Tx_FLASH.ld" -Wl,-Map=output.map -Wl,--gc-sections -lm -o "CM3drone.elf" @"objects.list"  
c:/ac6/systemworkbench/plugins/fr.ac6.mcu.externaltools.arm-none.win32_1.7.0.201602121829/tools/compiler/bin/../lib/gcc/arm-none-eabi/5.2.1/../../../../arm-none-eabi/lib/armv7-m\libm.a(lib_a-w_asin.o): In function `asin':
w_asin.c:(.text.asin+0x82): undefined reference to `__errno'
w_asin.c:(.text.asin+0x8c): undefined reference to `__errno'
collect2.exe: error: ld returned 1 exit status
make: *** [CM3drone.elf] Error 1

14:09:13 Build Finished (took 2s.260ms)

