Removed Pin From Net: NetName=GND Pin=C5-1
Removed Pin From Net: NetName=VCC_BAT Pin=C5-2
Removed Pin From Net: NetName=GND Pin=C6-1
Removed Pin From Net: NetName=VCC Pin=C6-2
Removed Pin From Net: NetName=GND Pin=C7-1
Removed Pin From Net: NetName=VCC Pin=C7-2
Removed Pin From Net: NetName=VCC Pin=L1-2
Removed Pin From Net: NetName=VCC_BAT Pin=U4-1
Removed Pin From Net: NetName=GND Pin=U4-2
Removed Pin From Net: NetName=VCC_BAT Pin=U4-3
Removed Pin From Net: NetName=VCC Pin=U4-4
Removed Member From Class: ClassName=Esquematico Member=C5
Removed Member From Class: ClassName=Esquematico Member=C6
Removed Member From Class: ClassName=Esquematico Member=C7
Removed Member From Class: ClassName=Esquematico Member=L1
Removed Member From Class: ClassName=Esquematico Member=U4
Change Component Designator: OldDesignator=C1 NewDesignator=C?
Change Component Designator: OldDesignator=C2 NewDesignator=C?
Change Component Designator: OldDesignator=C3 NewDesignator=C?
Change Component Designator: OldDesignator=C4 NewDesignator=C?
Change Component Designator: OldDesignator=IC1 NewDesignator=IC?
Change Component Designator: OldDesignator=U1 NewDesignator=U?
Change Component Designator: OldDesignator=U2 NewDesignator=U?
Change Component Designator: OldDesignator=U3 NewDesignator=U?
Change Component Designator: OldDesignator=USB1 NewDesignator=USB?
Added Component: Designator=C?(6-0805_L)
Added Component: Designator=C?(6-0805_L)
Added Component: Designator=C?(6-0805_L)
Added Component: Designator=L?(Inductor CD43)
Added Component: Designator=P?(MHDR1X2)
Added Component: Designator=P?(MHDR1X2)
Added Component: Designator=P?(MHDR1X2)
Added Component: Designator=P?(MHDR1X2)
Added Component: Designator=P?(MHDR1X2)
Added Component: Designator=P?(MHDR1X2)
Added Component: Designator=P?(MHDR1X2)
Added Component: Designator=P?(MHDR1X2)
Added Component: Designator=Q?(SOT23-3)
Added Component: Designator=Q?(SOT23-3)
Added Component: Designator=Q?(SOT23-3)
Added Component: Designator=Q?(SOT23-3)
Added Component: Designator=Q?(SOT23-3)
Added Component: Designator=Q?(SOT23-3)
Added Component: Designator=Q?(SOT23-3)
Added Component: Designator=Q?(SOT23-3)
Added Component: Designator=R?(6-0805_N)
Added Component: Designator=R?(6-0805_N)
Added Component: Designator=R?(6-0805_N)
Added Component: Designator=R?(6-0805_N)
Added Component: Designator=R?(6-0805_N)
Added Component: Designator=R?(6-0805_N)
Added Component: Designator=R?(6-0805_N)
Added Component: Designator=R?(6-0805_N)
Added Component: Designator=R?(6-0805_N)
Added Component: Designator=R?(6-0805_N)
Added Component: Designator=R?(6-0805_N)
Added Component: Designator=R?(6-0805_N)
Added Component: Designator=R?(6-0805_N)
Added Component: Designator=R?(6-0805_N)
Added Component: Designator=R?(6-0805_N)
Added Component: Designator=R?(6-0805_N)
Added Component: Designator=U?(MF05A_N)
Added Pin To Net: NetName=GND Pin=C?-1
Added Pin To Net: NetName=GND Pin=C?-1
Added Pin To Net: NetName=GND Pin=C?-1
Added Pin To Net: NetName=VCC_BAT Pin=C?-2
Added Pin To Net: NetName=VCC Pin=C?-2
Added Pin To Net: NetName=VCC Pin=C?-2
Added Pin To Net: NetName=VCC Pin=L?-2
Added Pin To Net: NetName=VCC_BAT Pin=P?-1
Added Pin To Net: NetName=VCC_BAT Pin=P?-1
Added Pin To Net: NetName=VCC_BAT Pin=P?-1
Added Pin To Net: NetName=VCC_BAT Pin=P?-1
Added Pin To Net: NetName=VCC_BAT Pin=P?-1
Added Pin To Net: NetName=VCC_BAT Pin=P?-1
Added Pin To Net: NetName=VCC_BAT Pin=P?-1
Added Pin To Net: NetName=VCC_BAT Pin=P?-1
Added Pin To Net: NetName=GND Pin=Q?-2
Added Pin To Net: NetName=GND Pin=Q?-2
Added Pin To Net: NetName=GND Pin=Q?-2
Added Pin To Net: NetName=GND Pin=Q?-2
Added Pin To Net: NetName=GND Pin=Q?-2
Added Pin To Net: NetName=GND Pin=Q?-2
Added Pin To Net: NetName=GND Pin=Q?-2
Added Pin To Net: NetName=GND Pin=Q?-2
Added Pin To Net: NetName=GND Pin=R?-1
Added Pin To Net: NetName=GND Pin=R?-1
Added Pin To Net: NetName=GND Pin=R?-1
Added Pin To Net: NetName=GND Pin=R?-1
Added Pin To Net: NetName=GND Pin=R?-1
Added Pin To Net: NetName=GND Pin=R?-1
Added Pin To Net: NetName=GND Pin=R?-1
Added Pin To Net: NetName=GND Pin=R?-1
Added Pin To Net: NetName=VCC_BAT Pin=U?-1
Added Pin To Net: NetName=GND Pin=U?-2
Added Pin To Net: NetName=VCC_BAT Pin=U?-3
Added Pin To Net: NetName=VCC Pin=U?-4
Added Pin To Net: NetName=VCC_BAT Pin=USB?-1
Change Net Name : Old Net Name=NetC3_2 New Net Name=NetC?_2
Change Net Name : Old Net Name=NetC4_2 New Net Name=NetC?_2
Added Pin To Net: NetName=MOTOR 0 Pin=P?-2
Added Pin To Net: NetName=MOTOR 0 Pin=Q?-3
Added Net: Name=MOTOR 0
Added Pin To Net: NetName=MOTOR 1 Pin=P?-2
Added Pin To Net: NetName=MOTOR 1 Pin=Q?-3
Added Net: Name=MOTOR 1
Added Pin To Net: NetName=MOTOR 2 Pin=P?-2
Added Pin To Net: NetName=MOTOR 2 Pin=Q?-3
Added Net: Name=MOTOR 2
Added Pin To Net: NetName=MOTOR 3 Pin=P?-2
Added Pin To Net: NetName=MOTOR 3 Pin=Q?-3
Added Net: Name=MOTOR 3
Added Pin To Net: NetName=MOTOR 4 Pin=P?-2
Added Pin To Net: NetName=MOTOR 4 Pin=Q?-3
Added Net: Name=MOTOR 4
Added Pin To Net: NetName=MOTOR 5 Pin=P?-2
Added Pin To Net: NetName=MOTOR 5 Pin=Q?-3
Added Net: Name=MOTOR 5
Added Pin To Net: NetName=MOTOR 6 Pin=P?-2
Added Pin To Net: NetName=MOTOR 6 Pin=Q?-3
Added Net: Name=MOTOR 6
Added Pin To Net: NetName=MOTOR 7 Pin=P?-2
Added Pin To Net: NetName=MOTOR 7 Pin=Q?-3
Added Net: Name=MOTOR 7
Added Pin To Net: NetName=NetL?_1 Pin=L?-1
Added Pin To Net: NetName=NetL?_1 Pin=U?-5
Added Net: Name=NetL?_1
Added Pin To Net: NetName=NetQ?_2 Pin=Q?-1
Added Pin To Net: NetName=NetQ?_2 Pin=R?-1
Added Pin To Net: NetName=NetQ?_2 Pin=R?-2
Added Net: Name=NetQ?_2
Added Pin To Net: NetName=PWM0 Pin=R?-2
Added Net: Name=PWM0
Added Pin To Net: NetName=PWM1 Pin=R?-2
Added Net: Name=PWM1
Added Pin To Net: NetName=PWM2 Pin=R?-2
Added Net: Name=PWM2
Added Pin To Net: NetName=PWM3 Pin=R?-2
Added Net: Name=PWM3
Added Pin To Net: NetName=PWM4 Pin=R?-2
Added Net: Name=PWM4
Added Pin To Net: NetName=PWM5 Pin=R?-2
Added Net: Name=PWM5
Added Pin To Net: NetName=PWM6 Pin=R?-2
Added Net: Name=PWM6
Added Pin To Net: NetName=PWM7 Pin=R?-2
Added Net: Name=PWM7
Added Class: Name=Potencia
