Added Component: Designator=C?(6-0805_L)
Added Component: Designator=C?(6-0805_L)
Added Component: Designator=C?(6-0805_L)
Added Component: Designator=L?(Inductor CD43)
Added Component: Designator=U?(MF05A_N)
Added Component: Designator=U?(LQFP48_N)
Added Component: Designator=USB?(Micro USB)
Added Pin To Net: NetName=5VCC Pin=USB?-1
Added Net: Name=5VCC
Added Pin To Net: NetName=GND Pin=C?-1
Added Pin To Net: NetName=GND Pin=C?-1
Added Pin To Net: NetName=GND Pin=C?-1
Added Pin To Net: NetName=GND Pin=U?-2
Added Pin To Net: NetName=GND Pin=U?-8
Added Pin To Net: NetName=GND Pin=U?-23
Added Pin To Net: NetName=GND Pin=U?-35
Added Pin To Net: NetName=GND Pin=U?-47
Added Pin To Net: NetName=GND Pin=USB?-5
Added Pin To Net: NetName=GND Pin=USB?-6
Added Pin To Net: NetName=GND Pin=USB?-6
Added Net: Name=GND
Added Pin To Net: NetName=NetL?_1 Pin=L?-1
Added Pin To Net: NetName=NetL?_1 Pin=U?-5
Added Net: Name=NetL?_1
Added Pin To Net: NetName=USB_DM Pin=USB?-2
Added Net: Name=USB_DM
Added Pin To Net: NetName=USB_DP Pin=USB?-3
Added Net: Name=USB_DP
Added Pin To Net: NetName=VCC_BAT Pin=C?-2
Added Pin To Net: NetName=VCC_BAT Pin=U?-1
Added Pin To Net: NetName=VCC_BAT Pin=U?-3
Added Net: Name=VCC_BAT
Added Pin To Net: NetName=VCC Pin=C?-2
Added Pin To Net: NetName=VCC Pin=C?-2
Added Pin To Net: NetName=VCC Pin=L?-2
Added Pin To Net: NetName=VCC Pin=U?-4
Added Pin To Net: NetName=VCC Pin=U?-24
Added Pin To Net: NetName=VCC Pin=U?-36
Added Pin To Net: NetName=VCC Pin=U?-48
Added Net: Name=VCC
Added Class: Name=Esquematico
