Added Pin To Net: NetName=PWM4 Pin=U?-42
Added Pin To Net: NetName=PWM5 Pin=U?-43
Added Pin To Net: NetName=PWM6 Pin=U?-45
Added Pin To Net: NetName=PWM7 Pin=U?-46
Added Member To Class: ClassName=Esquematico Member=Component C? Cap
Added Member To Class: ClassName=Esquematico Member=Component C? Cap
Added Member To Class: ClassName=Esquematico Member=Component C? Cap
Added Member To Class: ClassName=Potencia Member=Component C? Cap
Added Member To Class: ClassName=Potencia Member=Component C? Cap
Added Member To Class: ClassName=Potencia Member=Component P? MHDR1X2
Added Member To Class: ClassName=Potencia Member=Component P? MHDR1X2
Added Member To Class: ClassName=Potencia Member=Component P? MHDR1X2
Added Member To Class: ClassName=Potencia Member=Component P? MHDR1X2
Added Member To Class: ClassName=Potencia Member=Component P? MHDR1X2
Added Member To Class: ClassName=Potencia Member=Component P? MHDR1X2
Added Member To Class: ClassName=Potencia Member=Component P? MHDR1X2
Added Member To Class: ClassName=Potencia Member=Component Q? MOSFET-N
Added Member To Class: ClassName=Potencia Member=Component Q? MOSFET-N
Added Member To Class: ClassName=Potencia Member=Component Q? MOSFET-N
Added Member To Class: ClassName=Potencia Member=Component Q? MOSFET-N
Added Member To Class: ClassName=Potencia Member=Component Q? MOSFET-N
Added Member To Class: ClassName=Potencia Member=Component Q? MOSFET-N
Added Member To Class: ClassName=Potencia Member=Component Q? MOSFET-N
Added Member To Class: ClassName=Potencia Member=Component R? Res3
Added Member To Class: ClassName=Potencia Member=Component R? Res3
Added Member To Class: ClassName=Potencia Member=Component R? Res3
Added Member To Class: ClassName=Potencia Member=Component R? Res3
Added Member To Class: ClassName=Potencia Member=Component R? Res3
Added Member To Class: ClassName=Potencia Member=Component R? Res3
Added Member To Class: ClassName=Potencia Member=Component R? Res3
Added Member To Class: ClassName=Potencia Member=Component R? Res3
Added Member To Class: ClassName=Potencia Member=Component R? Res3
Added Member To Class: ClassName=Potencia Member=Component R? Res3
Added Member To Class: ClassName=Potencia Member=Component R? Res3
Added Member To Class: ClassName=Potencia Member=Component R? Res3
Added Member To Class: ClassName=Potencia Member=Component R? Res3
Added Member To Class: ClassName=Potencia Member=Component R? Res3
Added Member To Class: ClassName=Potencia Member=Component R? Res3
Added Member To Class: ClassName=Esquematico Member=Component U? MPU-6050
Added Member To Class: ClassName=Esquematico Member=Component U? STM32F103C8T6
