Change Component Designator: OldDesignator=C? NewDesignator=C5
Change Component Designator: OldDesignator=C? NewDesignator=C6
Change Component Designator: OldDesignator=C? NewDesignator=C7
Change Component Designator: OldDesignator=IC? NewDesignator=IC1
Change Component Designator: OldDesignator=L? NewDesignator=L1
Change Component Designator: OldDesignator=U? NewDesignator=U1
Change Component Designator: OldDesignator=U? NewDesignator=U4
Change Component Designator: OldDesignator=USB? NewDesignator=USB1
Added Component: Designator=C1(6-0805_L)
Added Component: Designator=C2(6-0805_L)
Added Component: Designator=C3(6-0805_L)
Added Component: Designator=C4(6-0805_L)
Added Component: Designator=U2(LGA-8_BMP280(Primary))
Added Component: Designator=U3(QFN50P400X400X95-25N)
Added Pin To Net: NetName=GND Pin=C1-1
Added Pin To Net: NetName=VCC Pin=C1-2
Added Pin To Net: NetName=GND Pin=C2-1
Added Pin To Net: NetName=VCC Pin=C2-2
Added Pin To Net: NetName=GND Pin=C3-1
Added Pin To Net: NetName=GND Pin=C4-1
Added Pin To Net: NetName=GND Pin=U2-1
Added Pin To Net: NetName=VCC Pin=U2-2
Added Pin To Net: NetName=GND Pin=U2-5
Added Pin To Net: NetName=VCC Pin=U2-6
Added Pin To Net: NetName=GND Pin=U2-7
Added Pin To Net: NetName=VCC Pin=U2-8
Added Pin To Net: NetName=VCC Pin=U3-8
Added Pin To Net: NetName=GND Pin=U3-9
Added Pin To Net: NetName=VCC Pin=U3-13
Added Pin To Net: NetName=GND Pin=U3-18
Change Net Name : Old Net Name=NetL?_1 New Net Name=NetL1_1
Added Pin To Net: NetName=NetC3_2 Pin=C3-2
Added Pin To Net: NetName=NetC3_2 Pin=U3-10
Added Net: Name=NetC3_2
Added Pin To Net: NetName=NetC4_2 Pin=C4-2
Added Pin To Net: NetName=NetC4_2 Pin=U3-20
Added Net: Name=NetC4_2
Added Pin To Net: NetName=SCL Pin=U2-4
Added Pin To Net: NetName=SCL Pin=U3-23
Added Net: Name=SCL
Added Pin To Net: NetName=SDA Pin=U2-3
Added Pin To Net: NetName=SDA Pin=U3-24
Added Net: Name=SDA
Added Member To Class: ClassName=Esquematico Member=Component C1 Cap
Added Member To Class: ClassName=Esquematico Member=Component C2 Cap
Added Member To Class: ClassName=Esquematico Member=Component C3 Cap
Added Member To Class: ClassName=Esquematico Member=Component C4 Cap
Added Member To Class: ClassName=Esquematico Member=Component C5 Cap
Added Member To Class: ClassName=Esquematico Member=Component C7 Cap
Added Member To Class: ClassName=Esquematico Member=Component U1 STM32F103C8T6
Added Member To Class: ClassName=Esquematico Member=Component U2 BMP280
Added Member To Class: ClassName=Esquematico Member=Component U3 MPU-6050
Added Room: Name=Esquematico
