Added Component: Designator=C1(6-0805_L)
Added Component: Designator=C2(C1206)
Added Component: Designator=C3(C1206)
Added Component: Designator=C4(6-0805_L)
Added Component: Designator=C5(6-0805_L)
Added Component: Designator=C6(6-0805_L)
Added Component: Designator=C7(6-0805_L)
Added Component: Designator=IC1(ESP8266 ESP-12-E B)
Added Component: Designator=IC?(SOP65P490X109-8N)
Added Component: Designator=L1(Inductor CD43)
Added Component: Designator=P1(MHDR1X2)
Added Component: Designator=P2(MHDR1X2)
Added Component: Designator=P3(MHDR1X2)
Added Component: Designator=P4(MHDR1X2)
Added Component: Designator=P5(MHDR1X2)
Added Component: Designator=P6(MHDR1X2)
Added Component: Designator=P7(MHDR1X2)
Added Component: Designator=P8(MHDR1X2)
Added Component: Designator=P9(HDR1X4)
Added Component: Designator=Q1(SOT23-3)
Added Component: Designator=Q2(SOT23-3)
Added Component: Designator=Q3(SOT23-3)
Added Component: Designator=Q4(SOT23-3)
Added Component: Designator=Q5(SOT23-3)
Added Component: Designator=Q6(SOT23-3)
Added Component: Designator=Q7(SOT23-3)
Added Component: Designator=Q8(SOT23-3)
Added Component: Designator=Q9(SOT23-3)
Added Component: Designator=R1(6-0805_N)
Added Component: Designator=R2(6-0805_N)
Added Component: Designator=R3(6-0805_N)
Added Component: Designator=R4(6-0805_N)
Added Component: Designator=R5(6-0805_N)
Added Component: Designator=R6(6-0805_N)
Added Component: Designator=R7(6-0805_N)
Added Component: Designator=R8(6-0805_N)
Added Component: Designator=R9(6-0805_N)
Added Component: Designator=R10(6-0805_N)
Added Component: Designator=R11(6-0805_N)
Added Component: Designator=R12(6-0805_N)
Added Component: Designator=R13(6-0805_N)
Added Component: Designator=R14(6-0805_N)
Added Component: Designator=R15(6-0805_N)
Added Component: Designator=R16(6-0805_N)
Added Component: Designator=R17(6-0805_N)
Added Component: Designator=R18(6-0805_N)
Added Component: Designator=R19(6-0805_N)
Added Component: Designator=R20(6-0805_N)
Added Component: Designator=R21(C1206)
Added Component: Designator=R22(6-0805_N)
Added Component: Designator=R23(6-0805_N)
Added Component: Designator=R24(6-0805_N)
Added Component: Designator=R25(6-0805_N)
Added Component: Designator=R26(6-0805_N)
Added Component: Designator=R27(6-0805_N)
Added Component: Designator=U1(LQFP48_N)
Added Component: Designator=U2(LGA-8_BMP280(Primary))
Added Component: Designator=U3(QFN50P400X400X95-25N)
Added Component: Designator=U4(MF05A_N)
Added Component: Designator=USB1(Micro USB)
Added Pin To Net: NetName=GND Pin=C1-1
Added Pin To Net: NetName=VCC Pin=C1-2
Added Pin To Net: NetName=GND Pin=C2-1
Added Pin To Net: NetName=VCC Pin=C2-2
Added Pin To Net: NetName=GND Pin=C3-1
Added Pin To Net: NetName=NetC3_2 Pin=C3-2
Added Pin To Net: NetName=GND Pin=C4-1
Added Pin To Net: NetName=NetC4_2 Pin=C4-2
Added Pin To Net: NetName=GND Pin=C5-1
Added Pin To Net: NetName=VCC_BAT Pin=C5-2
Added Pin To Net: NetName=GND Pin=C6-1
Added Pin To Net: NetName=VCC Pin=C6-2
Added Pin To Net: NetName=GND Pin=C7-1
Added Pin To Net: NetName=VCC Pin=C7-2
Added Pin To Net: NetName=RST Pin=IC1-1
Added Pin To Net: NetName=NetIC1_3 Pin=IC1-3
Added Pin To Net: NetName=VCC Pin=IC1-8
Added Pin To Net: NetName=GND Pin=IC1-15
Added Pin To Net: NetName=NetIC1_16 Pin=IC1-16
Added Pin To Net: NetName=NetIC1_17 Pin=IC1-17
Added Pin To Net: NetName=BOOT_ESP Pin=IC1-18
Added Pin To Net: NetName=TX Pin=IC1-21
Added Pin To Net: NetName=RX Pin=IC1-22
Added Pin To Net: NetName=NetL1_1 Pin=L1-1
Added Pin To Net: NetName=VCC Pin=L1-2
Added Pin To Net: NetName=VCC_BAT Pin=P1-1
Added Pin To Net: NetName=MOTOR 0 Pin=P1-2
Added Pin To Net: NetName=VCC_BAT Pin=P2-1
Added Pin To Net: NetName=MOTOR 1 Pin=P2-2
Added Pin To Net: NetName=VCC_BAT Pin=P3-1
Added Pin To Net: NetName=MOTOR 2 Pin=P3-2
Added Pin To Net: NetName=VCC_BAT Pin=P4-1
Added Pin To Net: NetName=MOTOR 3 Pin=P4-2
Added Pin To Net: NetName=VCC_BAT Pin=P5-1
Added Pin To Net: NetName=MOTOR 4 Pin=P5-2
Added Pin To Net: NetName=VCC_BAT Pin=P6-1
Added Pin To Net: NetName=MOTOR 5 Pin=P6-2
Added Pin To Net: NetName=VCC_BAT Pin=P7-1
Added Pin To Net: NetName=MOTOR 6 Pin=P7-2
Added Pin To Net: NetName=VCC_BAT Pin=P8-1
Added Pin To Net: NetName=MOTOR 7 Pin=P8-2
Added Pin To Net: NetName=VCC Pin=P9-1
Added Pin To Net: NetName=SWDIO Pin=P9-2
Added Pin To Net: NetName=SWCLK Pin=P9-3
Added Pin To Net: NetName=GND Pin=P9-4
Added Pin To Net: NetName=NetQ1_2 Pin=Q1-1
Added Pin To Net: NetName=GND Pin=Q1-2
Added Pin To Net: NetName=MOTOR 0 Pin=Q1-3
Added Pin To Net: NetName=NetQ2_2 Pin=Q2-1
Added Pin To Net: NetName=GND Pin=Q2-2
Added Pin To Net: NetName=MOTOR 1 Pin=Q2-3
Added Pin To Net: NetName=NetQ3_2 Pin=Q3-1
Added Pin To Net: NetName=GND Pin=Q3-2
Added Pin To Net: NetName=MOTOR 2 Pin=Q3-3
Added Pin To Net: NetName=NetQ4_2 Pin=Q4-1
Added Pin To Net: NetName=GND Pin=Q4-2
Added Pin To Net: NetName=MOTOR 3 Pin=Q4-3
Added Pin To Net: NetName=NetQ5_2 Pin=Q5-1
Added Pin To Net: NetName=GND Pin=Q5-2
Added Pin To Net: NetName=MOTOR 4 Pin=Q5-3
Added Pin To Net: NetName=NetQ6_2 Pin=Q6-1
Added Pin To Net: NetName=GND Pin=Q6-2
Added Pin To Net: NetName=MOTOR 5 Pin=Q6-3
Added Pin To Net: NetName=NetQ7_2 Pin=Q7-1
Added Pin To Net: NetName=GND Pin=Q7-2
Added Pin To Net: NetName=MOTOR 6 Pin=Q7-3
Added Pin To Net: NetName=NetQ8_2 Pin=Q8-1
Added Pin To Net: NetName=GND Pin=Q8-2
Added Pin To Net: NetName=MOTOR 7 Pin=Q8-3
Added Pin To Net: NetName=VCC_USB Pin=Q9-1
Added Pin To Net: NetName=BOOT_0 Pin=Q9-2
Added Pin To Net: NetName=VCC Pin=Q9-3
Added Pin To Net: NetName=NetQ1_2 Pin=R1-1
Added Pin To Net: NetName=PWM0 Pin=R1-2
Added Pin To Net: NetName=NetQ2_2 Pin=R2-1
Added Pin To Net: NetName=PWM1 Pin=R2-2
Added Pin To Net: NetName=NetQ3_2 Pin=R3-1
Added Pin To Net: NetName=PWM2 Pin=R3-2
Added Pin To Net: NetName=NetQ4_2 Pin=R4-1
Added Pin To Net: NetName=PWM3 Pin=R4-2
Added Pin To Net: NetName=GND Pin=R5-1
Added Pin To Net: NetName=NetQ1_2 Pin=R5-2
Added Pin To Net: NetName=GND Pin=R6-1
Added Pin To Net: NetName=NetQ2_2 Pin=R6-2
Added Pin To Net: NetName=GND Pin=R7-1
Added Pin To Net: NetName=NetQ3_2 Pin=R7-2
Added Pin To Net: NetName=GND Pin=R8-1
Added Pin To Net: NetName=NetQ4_2 Pin=R8-2
Added Pin To Net: NetName=NetQ5_2 Pin=R9-1
Added Pin To Net: NetName=PWM4 Pin=R9-2
Added Pin To Net: NetName=NetQ6_2 Pin=R10-1
Added Pin To Net: NetName=PWM5 Pin=R10-2
Added Pin To Net: NetName=NetQ7_2 Pin=R11-1
Added Pin To Net: NetName=PWM6 Pin=R11-2
Added Pin To Net: NetName=NetQ8_2 Pin=R12-1
Added Pin To Net: NetName=PWM7 Pin=R12-2
Added Pin To Net: NetName=GND Pin=R13-1
Added Pin To Net: NetName=NetQ5_2 Pin=R13-2
Added Pin To Net: NetName=GND Pin=R14-1
Added Pin To Net: NetName=NetQ6_2 Pin=R14-2
Added Pin To Net: NetName=GND Pin=R15-1
Added Pin To Net: NetName=NetQ7_2 Pin=R15-2
Added Pin To Net: NetName=GND Pin=R16-1
Added Pin To Net: NetName=NetQ8_2 Pin=R16-2
Added Pin To Net: NetName=VCC Pin=R17-1
Added Pin To Net: NetName=SCL Pin=R17-2
Added Pin To Net: NetName=VCC Pin=R18-1
Added Pin To Net: NetName=SDA Pin=R18-2
Added Pin To Net: NetName=RST Pin=R19-1
Added Pin To Net: NetName=VCC Pin=R19-2
Added Pin To Net: NetName=NetIC1_3 Pin=R20-1
Added Pin To Net: NetName=VCC Pin=R20-2
Added Pin To Net: NetName=NetR21_1 Pin=R21-1
Added Pin To Net: NetName=GND Pin=R21-2
Added Pin To Net: NetName=NRST Pin=R22-1
Added Pin To Net: NetName=VCC Pin=R22-2
Added Pin To Net: NetName=BOOT_ESP Pin=R23-1
Added Pin To Net: NetName=VCC Pin=R23-2
Added Pin To Net: NetName=VCC Pin=R24-1
Added Pin To Net: NetName=NetIC1_17 Pin=R24-2
Added Pin To Net: NetName=GND Pin=R25-1
Added Pin To Net: NetName=NetIC1_16 Pin=R25-2
Added Pin To Net: NetName=VCC_USB Pin=R26-1
Added Pin To Net: NetName=GND Pin=R26-2
Added Pin To Net: NetName=BOOT_0 Pin=R27-1
Added Pin To Net: NetName=GND Pin=R27-2
Added Pin To Net: NetName=NRST Pin=U1-7
Added Pin To Net: NetName=GND Pin=U1-8
Added Pin To Net: NetName=TX Pin=U1-12
Added Pin To Net: NetName=RX Pin=U1-13
Added Pin To Net: NetName=BOOT_ESP Pin=U1-15
Added Pin To Net: NetName=PWM0 Pin=U1-16
Added Pin To Net: NetName=PWM1 Pin=U1-17
Added Pin To Net: NetName=PWM2 Pin=U1-18
Added Pin To Net: NetName=PWM3 Pin=U1-19
Added Pin To Net: NetName=NetR21_1 Pin=U1-20
Added Pin To Net: NetName=SCL Pin=U1-21
Added Pin To Net: NetName=SDA Pin=U1-22
Added Pin To Net: NetName=GND Pin=U1-23
Added Pin To Net: NetName=VCC Pin=U1-24
Added Pin To Net: NetName=USB_DM Pin=U1-32
Added Pin To Net: NetName=USB_DP Pin=U1-33
Added Pin To Net: NetName=SWDIO Pin=U1-34
Added Pin To Net: NetName=GND Pin=U1-35
Added Pin To Net: NetName=VCC Pin=U1-36
Added Pin To Net: NetName=SWCLK Pin=U1-37
Added Pin To Net: NetName=RST Pin=U1-40
Added Pin To Net: NetName=PWM4 Pin=U1-42
Added Pin To Net: NetName=PWM5 Pin=U1-43
Added Pin To Net: NetName=BOOT_0 Pin=U1-44
Added Pin To Net: NetName=PWM6 Pin=U1-45
Added Pin To Net: NetName=PWM7 Pin=U1-46
Added Pin To Net: NetName=GND Pin=U1-47
Added Pin To Net: NetName=VCC Pin=U1-48
Added Pin To Net: NetName=GND Pin=U2-1
Added Pin To Net: NetName=VCC Pin=U2-2
Added Pin To Net: NetName=SDA Pin=U2-3
Added Pin To Net: NetName=SCL Pin=U2-4
Added Pin To Net: NetName=VCC Pin=U2-5
Added Pin To Net: NetName=VCC Pin=U2-6
Added Pin To Net: NetName=GND Pin=U2-7
Added Pin To Net: NetName=VCC Pin=U2-8
Added Pin To Net: NetName=VCC Pin=U3-8
Added Pin To Net: NetName=VCC Pin=U3-9
Added Pin To Net: NetName=NetC3_2 Pin=U3-10
Added Pin To Net: NetName=VCC Pin=U3-13
Added Pin To Net: NetName=GND Pin=U3-18
Added Pin To Net: NetName=NetC4_2 Pin=U3-20
Added Pin To Net: NetName=SCL Pin=U3-23
Added Pin To Net: NetName=SDA Pin=U3-24
Added Pin To Net: NetName=VCC_BAT Pin=U4-1
Added Pin To Net: NetName=GND Pin=U4-2
Added Pin To Net: NetName=VCC_BAT Pin=U4-3
Added Pin To Net: NetName=VCC Pin=U4-4
Added Pin To Net: NetName=NetL1_1 Pin=U4-5
Added Pin To Net: NetName=VCC_USB Pin=USB1-1
Added Pin To Net: NetName=USB_DM Pin=USB1-2
Added Pin To Net: NetName=USB_DP Pin=USB1-3
Added Pin To Net: NetName=GND Pin=USB1-5
Added Pin To Net: NetName=GND Pin=USB1-6
Added Pin To Net: NetName=GND Pin=USB1-6
Added Member To Class: ClassName=Esquematico Member=Component C1 Cap
Added Member To Class: ClassName=Esquematico Member=Component C2 Cap
Added Member To Class: ClassName=Esquematico Member=Component C3 Cap
Added Member To Class: ClassName=Esquematico Member=Component C4 Cap
Added Member To Class: ClassName=Potencia Member=Component C5 Cap
Added Member To Class: ClassName=Potencia Member=Component C6 Cap
Added Member To Class: ClassName=Potencia Member=Component C7 Cap
Added Member To Class: ClassName=Esquematico Member=Component IC1 ESP8266 ESP-12-E
Added Member To Class: ClassName=Potencia Member=Component IC? TP4056
Added Member To Class: ClassName=Potencia Member=Component L1 Inductor Iron Dot
Added Member To Class: ClassName=Potencia Member=Component P1 MHDR1X2
Added Member To Class: ClassName=Potencia Member=Component P2 MHDR1X2
Added Member To Class: ClassName=Potencia Member=Component P3 MHDR1X2
Added Member To Class: ClassName=Potencia Member=Component P4 MHDR1X2
Added Member To Class: ClassName=Potencia Member=Component P5 MHDR1X2
Added Member To Class: ClassName=Potencia Member=Component P6 MHDR1X2
Added Member To Class: ClassName=Potencia Member=Component P7 MHDR1X2
Added Member To Class: ClassName=Potencia Member=Component P8 MHDR1X2
Added Member To Class: ClassName=Esquematico Member=Component P9 Header 4
Added Member To Class: ClassName=Potencia Member=Component Q1 MOSFET-N
Added Member To Class: ClassName=Potencia Member=Component Q2 MOSFET-N
Added Member To Class: ClassName=Potencia Member=Component Q3 MOSFET-N
Added Member To Class: ClassName=Potencia Member=Component Q4 MOSFET-N
Added Member To Class: ClassName=Potencia Member=Component Q5 MOSFET-N
Added Member To Class: ClassName=Potencia Member=Component Q6 MOSFET-N
Added Member To Class: ClassName=Potencia Member=Component Q7 MOSFET-N
Added Member To Class: ClassName=Potencia Member=Component Q8 MOSFET-N
Added Member To Class: ClassName=Esquematico Member=Component Q9 SI2306DS
Added Member To Class: ClassName=Potencia Member=Component R1 Res3
Added Member To Class: ClassName=Potencia Member=Component R2 Res3
Added Member To Class: ClassName=Potencia Member=Component R3 Res3
Added Member To Class: ClassName=Potencia Member=Component R4 Res3
Added Member To Class: ClassName=Potencia Member=Component R5 Res3
Added Member To Class: ClassName=Potencia Member=Component R6 Res3
Added Member To Class: ClassName=Potencia Member=Component R7 Res3
Added Member To Class: ClassName=Potencia Member=Component R8 Res3
Added Member To Class: ClassName=Potencia Member=Component R9 Res3
Added Member To Class: ClassName=Potencia Member=Component R10 Res3
Added Member To Class: ClassName=Potencia Member=Component R11 Res3
Added Member To Class: ClassName=Potencia Member=Component R12 Res3
Added Member To Class: ClassName=Potencia Member=Component R13 Res3
Added Member To Class: ClassName=Potencia Member=Component R14 Res3
Added Member To Class: ClassName=Potencia Member=Component R15 Res3
Added Member To Class: ClassName=Potencia Member=Component R16 Res3
Added Member To Class: ClassName=Esquematico Member=Component R17 Res3
Added Member To Class: ClassName=Esquematico Member=Component R18 Res3
Added Member To Class: ClassName=Esquematico Member=Component R19 Res3
Added Member To Class: ClassName=Esquematico Member=Component R20 Res3
Added Member To Class: ClassName=Esquematico Member=Component R21 Res3
Added Member To Class: ClassName=Esquematico Member=Component R22 Res3
Added Member To Class: ClassName=Esquematico Member=Component R23 Res3
Added Member To Class: ClassName=Esquematico Member=Component R24 Res3
Added Member To Class: ClassName=Esquematico Member=Component R25 Res3
Added Member To Class: ClassName=Esquematico Member=Component R26 Res3
Added Member To Class: ClassName=Esquematico Member=Component R27 Res3
Added Member To Class: ClassName=Esquematico Member=Component U1 STM32F103C8T6
Added Member To Class: ClassName=Esquematico Member=Component U2 BMP280
Added Member To Class: ClassName=Esquematico Member=Component U3 MPU-6050
Added Member To Class: ClassName=Potencia Member=Component U4 LM3671MF-3.3/NOPB
Added Member To Class: ClassName=Esquematico Member=Component USB1 Micro_USB
