Added Component: Designator=D1(LED-0805-A)
Added Component: Designator=D2(LED-0805-A)
Added Component: Designator=D3(LED-0805-A)
Added Component: Designator=R32(6-0805_N)
Added Component: Designator=R33(6-0805_N)
Added Component: Designator=R34(6-0805_N)
Added Pin To Net: NetName=VCC Pin=R32-2
Added Pin To Net: NetName=VCC Pin=R33-2
Added Pin To Net: NetName=VCC Pin=U1-9
Added Pin To Net: NetName=CHARGE Pin=IC2-7
Added Net: Name=CHARGE
Added Pin To Net: NetName=NetD1_1 Pin=R32-1
Added Net: Name=NetD1_1
Added Pin To Net: NetName=NetD2_1 Pin=R33-1
Added Net: Name=NetD2_1
Added Pin To Net: NetName=NetD3_1 Pin=R34-1
Added Net: Name=NetD3_1
Added Pin To Net: NetName=STATE Pin=U1-10
Added Net: Name=STATE
Added Member To Class: ClassName=Potencia Member=Component D1 LED0
Added Member To Class: ClassName=Potencia Member=Component D2 LED0
Added Member To Class: ClassName=Potencia Member=Component D3 LED0
Added Member To Class: ClassName=Potencia Member=Component R32 Res3
Added Member To Class: ClassName=Potencia Member=Component R33 Res3
Added Member To Class: ClassName=Potencia Member=Component R34 Res3
