Change Component Designator: Old Designator=C5 New Designator=C?
Change Component Designator: Old Designator=C6 New Designator=C?
Change Component Designator: Old Designator=C7 New Designator=C?
Change Component Designator: Old Designator=L1 New Designator=L?
Change Component Designator: Old Designator=P1 New Designator=P?
Change Component Designator: Old Designator=P1 New Designator=P?
Change Component Designator: Old Designator=P1 New Designator=P?
Change Component Designator: Old Designator=P1 New Designator=P?
Change Component Designator: Old Designator=P1 New Designator=P?
Change Component Designator: Old Designator=P1 New Designator=P?
Change Component Designator: Old Designator=P1 New Designator=P?
Change Component Designator: Old Designator=P1 New Designator=P?
Change Component Designator: Old Designator=Q1 New Designator=Q?
Change Component Designator: Old Designator=Q1 New Designator=Q?
Change Component Designator: Old Designator=Q1 New Designator=Q?
Change Component Designator: Old Designator=Q1 New Designator=Q?
Change Component Designator: Old Designator=Q1 New Designator=Q?
Change Component Designator: Old Designator=Q1 New Designator=Q?
Change Component Designator: Old Designator=Q1 New Designator=Q?
Change Component Designator: Old Designator=Q1 New Designator=Q?
Change Component Designator: Old Designator=R1 New Designator=R?
Change Component Designator: Old Designator=R1 New Designator=R?
Change Component Designator: Old Designator=R1 New Designator=R?
Change Component Designator: Old Designator=R1 New Designator=R?
Change Component Designator: Old Designator=R1 New Designator=R?
Change Component Designator: Old Designator=R1 New Designator=R?
Change Component Designator: Old Designator=R1 New Designator=R?
Change Component Designator: Old Designator=R1 New Designator=R?
Change Component Designator: Old Designator=R5 New Designator=R?
Change Component Designator: Old Designator=R5 New Designator=R?
Change Component Designator: Old Designator=R5 New Designator=R?
Change Component Designator: Old Designator=R5 New Designator=R?
Change Component Designator: Old Designator=R5 New Designator=R?
Change Component Designator: Old Designator=R5 New Designator=R?
Change Component Designator: Old Designator=R5 New Designator=R?
Change Component Designator: Old Designator=R5 New Designator=R?
Change Component Designator: Old Designator=U4 New Designator=U?
